[0.006s] Invoking command in '/home/lirj25/ros2tutorial/ws_topic/build/base_interfaces_demo': CMAKE_PREFIX_PATH=/opt/ros/humble /usr/bin/cmake /home/lirj25/ros2tutorial/ws_topic/src/base_interfaces_demo -DCMAKE_INSTALL_PREFIX=/home/lirj25/ros2tutorial/ws_topic/install/base_interfaces_demo
[0.042s] -- The C compiler identification is GNU 11.4.0
[0.080s] -- The CXX compiler identification is GNU 11.4.0
[0.085s] -- Detecting C compiler ABI info
[0.135s] -- Detecting C compiler ABI info - done
[0.140s] -- Check for working C compiler: /usr/bin/cc - skipped
[0.140s] -- Detecting C compile features
[0.141s] -- Detecting C compile features - done
[0.142s] -- Detecting CXX compiler ABI info
[0.199s] -- Detecting CXX compiler ABI info - done
[0.205s] -- Check for working CXX compiler: /usr/bin/c++ - skipped
[0.205s] -- Detecting CXX compile features
[0.206s] -- Detecting CXX compile features - done
[0.207s] -- Found ament_cmake: 1.3.10 (/opt/ros/humble/share/ament_cmake/cmake)
[0.317s] -- Found Python3: /usr/bin/python3 (found version "3.10.12") found components: Interpreter 
[0.376s] -- Found rosidl_default_generators: 1.2.0 (/opt/ros/humble/share/rosidl_default_generators/cmake)
[0.378s] -- Using all available rosidl_typesupport_c: rosidl_typesupport_fastrtps_c;rosidl_typesupport_introspection_c
[0.382s] -- Found rosidl_adapter: 3.1.5 (/opt/ros/humble/share/rosidl_adapter/cmake)
[0.405s] -- Using all available rosidl_typesupport_cpp: rosidl_typesupport_fastrtps_cpp;rosidl_typesupport_introspection_cpp
[0.550s] [31mCMake Error at /opt/ros/humble/share/rosidl_adapter/cmake/rosidl_adapt_interfaces.cmake:59 (message):
[0.550s]   execute_process(/usr/bin/python3 -m rosidl_adapter --package-name
[0.550s]   base_interfaces_demo --arguments-file
[0.550s]   /home/lirj25/ros2tutorial/ws_topic/build/base_interfaces_demo/rosidl_adapter__arguments__base_interfaces_demo.json
[0.550s]   --output-dir
[0.551s]   /home/lirj25/ros2tutorial/ws_topic/build/base_interfaces_demo/rosidl_adapter/base_interfaces_demo
[0.551s]   --output-file
[0.551s]   /home/lirj25/ros2tutorial/ws_topic/build/base_interfaces_demo/rosidl_adapter/base_interfaces_demo.idls)
[0.551s]   returned error code 1:
[0.551s] 
[0.551s]   Traceback (most recent call last):
[0.551s] 
[0.551s]     File "/usr/lib/python3.10/runpy.py", line 196, in _run_module_as_main
[0.551s]       return _run_code(code, main_globals, None,
[0.551s]     File "/usr/lib/python3.10/runpy.py", line 86, in _run_code
[0.551s]       exec(code, run_globals)
[0.551s]     File "/opt/ros/humble/local/lib/python3.10/dist-packages/rosidl_adapter/__main__.py", line 19, in <module>
[0.551s]       sys.exit(main())
[0.551s]     File "/opt/ros/humble/local/lib/python3.10/dist-packages/rosidl_adapter/main.py", line 53, in main
[0.551s]       abs_idl_file = convert_to_idl(
[0.551s]     File "/opt/ros/humble/local/lib/python3.10/dist-packages/rosidl_adapter/__init__.py", line 19, in convert_to_idl
[0.551s]       return convert_msg_to_idl(
[0.551s]     File "/opt/ros/humble/local/lib/python3.10/dist-packages/rosidl_adapter/msg/__init__.py", line 28, in convert_msg_to_idl
[0.551s]       msg = parse_message_string(package_name, input_file.stem, content)
[0.551s]     File "/opt/ros/humble/local/lib/python3.10/dist-packages/rosidl_adapter/parser.py", line 544, in parse_message_string
[0.552s]       msg = MessageSpecification(pkg_name, msg_name, fields, constants)
[0.552s]     File "/opt/ros/humble/local/lib/python3.10/dist-packages/rosidl_adapter/parser.py", line 388, in __init__
[0.552s]       self.base_type = BaseType(
[0.552s]     File "/opt/ros/humble/local/lib/python3.10/dist-packages/rosidl_adapter/parser.py", line 205, in __init__
[0.552s]       raise InvalidResourceName(
[0.552s] 
[0.552s]   rosidl_adapter.parser.InvalidResourceName: 'Topic_pub_sub' is an invalid
[0.552s]   message name.  It should have the pattern '^[A-Z][A-Za-z0-9]*$'
[0.552s] 
[0.552s] Call Stack (most recent call first):
[0.552s]   /opt/ros/humble/share/rosidl_cmake/cmake/rosidl_generate_interfaces.cmake:130 (rosidl_adapt_interfaces)
[0.552s]   CMakeLists.txt:14 (rosidl_generate_interfaces)
[0.552s] 
[0.552s] [0m
[0.552s] -- Configuring incomplete, errors occurred!
[0.552s] See also "/home/lirj25/ros2tutorial/ws_topic/build/base_interfaces_demo/CMakeFiles/CMakeOutput.log".
[0.555s] Invoked command in '/home/lirj25/ros2tutorial/ws_topic/build/base_interfaces_demo' returned '1': CMAKE_PREFIX_PATH=/opt/ros/humble /usr/bin/cmake /home/lirj25/ros2tutorial/ws_topic/src/base_interfaces_demo -DCMAKE_INSTALL_PREFIX=/home/lirj25/ros2tutorial/ws_topic/install/base_interfaces_demo
