[0.008s] Invoking command in '/home/lirj25/ros2tutorial/ws_topic/build/topic_tutor': CMAKE_PREFIX_PATH=/home/lirj25/ros2tutorial/ws_topic/install/base_interfaces_demo:/home/lirj25/ros2tutorial/ws_topic/install/topic_tutor:/opt/ros/humble /usr/bin/cmake --build /home/lirj25/ros2tutorial/ws_topic/build/topic_tutor -- -j20 -l20
[0.045s] [100%] Built target topic_pub_sub
[0.055s] Invoked command in '/home/lirj25/ros2tutorial/ws_topic/build/topic_tutor' returned '0': CMAKE_PREFIX_PATH=/home/lirj25/ros2tutorial/ws_topic/install/base_interfaces_demo:/home/lirj25/ros2tutorial/ws_topic/install/topic_tutor:/opt/ros/humble /usr/bin/cmake --build /home/lirj25/ros2tutorial/ws_topic/build/topic_tutor -- -j20 -l20
[0.063s] Invoking command in '/home/lirj25/ros2tutorial/ws_topic/build/topic_tutor': CMAKE_PREFIX_PATH=/home/lirj25/ros2tutorial/ws_topic/install/base_interfaces_demo:/home/lirj25/ros2tutorial/ws_topic/install/topic_tutor:/opt/ros/humble /usr/bin/cmake --install /home/lirj25/ros2tutorial/ws_topic/build/topic_tutor
[0.068s] -- Install configuration: ""
[0.068s] -- Up-to-date: /home/lirj25/ros2tutorial/ws_topic/install/topic_tutor/lib/topic_tutor/topic_pub_sub
[0.068s] -- Up-to-date: /home/lirj25/ros2tutorial/ws_topic/install/topic_tutor/share/topic_tutor/launch
[0.068s] -- Installing: /home/lirj25/ros2tutorial/ws_topic/install/topic_tutor/share/topic_tutor/launch/topic_pub_sub_launch.py
[0.068s] -- Up-to-date: /home/lirj25/ros2tutorial/ws_topic/install/topic_tutor/share/ament_index/resource_index/package_run_dependencies/topic_tutor
[0.068s] -- Up-to-date: /home/lirj25/ros2tutorial/ws_topic/install/topic_tutor/share/ament_index/resource_index/parent_prefix_path/topic_tutor
[0.068s] -- Up-to-date: /home/lirj25/ros2tutorial/ws_topic/install/topic_tutor/share/topic_tutor/environment/ament_prefix_path.sh
[0.068s] -- Up-to-date: /home/lirj25/ros2tutorial/ws_topic/install/topic_tutor/share/topic_tutor/environment/ament_prefix_path.dsv
[0.068s] -- Up-to-date: /home/lirj25/ros2tutorial/ws_topic/install/topic_tutor/share/topic_tutor/environment/path.sh
[0.069s] -- Up-to-date: /home/lirj25/ros2tutorial/ws_topic/install/topic_tutor/share/topic_tutor/environment/path.dsv
[0.069s] -- Up-to-date: /home/lirj25/ros2tutorial/ws_topic/install/topic_tutor/share/topic_tutor/local_setup.bash
[0.069s] -- Up-to-date: /home/lirj25/ros2tutorial/ws_topic/install/topic_tutor/share/topic_tutor/local_setup.sh
[0.069s] -- Up-to-date: /home/lirj25/ros2tutorial/ws_topic/install/topic_tutor/share/topic_tutor/local_setup.zsh
[0.069s] -- Up-to-date: /home/lirj25/ros2tutorial/ws_topic/install/topic_tutor/share/topic_tutor/local_setup.dsv
[0.069s] -- Up-to-date: /home/lirj25/ros2tutorial/ws_topic/install/topic_tutor/share/topic_tutor/package.dsv
[0.069s] -- Up-to-date: /home/lirj25/ros2tutorial/ws_topic/install/topic_tutor/share/ament_index/resource_index/packages/topic_tutor
[0.069s] -- Up-to-date: /home/lirj25/ros2tutorial/ws_topic/install/topic_tutor/share/topic_tutor/cmake/topic_tutorConfig.cmake
[0.069s] -- Up-to-date: /home/lirj25/ros2tutorial/ws_topic/install/topic_tutor/share/topic_tutor/cmake/topic_tutorConfig-version.cmake
[0.069s] -- Up-to-date: /home/lirj25/ros2tutorial/ws_topic/install/topic_tutor/share/topic_tutor/package.xml
[0.070s] Invoked command in '/home/lirj25/ros2tutorial/ws_topic/build/topic_tutor' returned '0': CMAKE_PREFIX_PATH=/home/lirj25/ros2tutorial/ws_topic/install/base_interfaces_demo:/home/lirj25/ros2tutorial/ws_topic/install/topic_tutor:/opt/ros/humble /usr/bin/cmake --install /home/lirj25/ros2tutorial/ws_topic/build/topic_tutor
