-- Found ament_cmake: 1.3.10 (/opt/ros/humble/share/ament_cmake/cmake)
-- Found rclcpp: 16.0.10 (/opt/ros/humble/share/rclcpp/cmake)
-- Found rosidl_generator_c: 3.1.5 (/opt/ros/humble/share/rosidl_generator_c/cmake)
-- Found rosidl_adapter: 3.1.5 (/opt/ros/humble/share/rosidl_adapter/cmake)
-- Found rosidl_generator_cpp: 3.1.5 (/opt/ros/humble/share/rosidl_generator_cpp/cmake)
-- Using all available rosidl_typesupport_c: rosidl_typesupport_fastrtps_c;rosidl_typesupport_introspection_c
-- Using all available rosidl_typesupport_cpp: rosidl_typesupport_fastrtps_cpp;rosidl_typesupport_introspection_cpp
-- Found rmw_implementation_cmake: 6.1.2 (/opt/ros/humble/share/rmw_implementation_cmake/cmake)
-- Found rmw_fastrtps_cpp: 6.2.7 (/opt/ros/humble/share/rmw_fastrtps_cpp/cmake)
-- Using RMW implementation 'rmw_fastrtps_cpp' as default
-- Found turtlesim: 1.4.2 (/opt/ros/humble/share/turtlesim/cmake)
-- Found base_interfaces_demo: 0.0.0 (/home/lirj25/ros2tutorial/ws_topic/install/base_interfaces_demo/share/base_interfaces_demo/cmake)
-- Found geometry_msgs: 4.2.4 (/opt/ros/humble/share/geometry_msgs/cmake)
-- Found rclcpp_action: 16.0.10 (/opt/ros/humble/share/rclcpp_action/cmake)
-- Found ament_lint_auto: 0.12.11 (/opt/ros/humble/share/ament_lint_auto/cmake)
-- Added test 'cppcheck' to perform static code analysis on C / C++ code
-- Configured cppcheck include dirs: $<BUILD_INTERFACE:/home/lirj25/ros2tutorial/ws_topic/src/topic_tutor/include>
-- Configured cppcheck exclude dirs and/or files: 
-- Added test 'flake8' to check Python code syntax and style conventions
-- Added test 'lint_cmake' to check CMake code style
-- Added test 'pep257' to check Python code against some of the docstring style conventions in PEP 257
-- Added test 'uncrustify' to check C / C++ code style
-- Configured uncrustify additional arguments: 
-- Added test 'xmllint' to check XML markup files
-- Configuring done
-- Generating done
-- Build files have been written to: /home/lirj25/ros2tutorial/ws_topic/build/topic_tutor
[35m[1mConsolidate compiler generated dependencies of target topic_pub_sub[0m
[100%] Built target topic_pub_sub
-- Install configuration: ""
-- Up-to-date: /home/lirj25/ros2tutorial/ws_topic/install/topic_tutor/lib/topic_tutor/topic_pub_sub
-- Installing: /home/lirj25/ros2tutorial/ws_topic/install/topic_tutor/share/topic_tutor/launch
-- Installing: /home/lirj25/ros2tutorial/ws_topic/install/topic_tutor/share/topic_tutor/launch/topic_pub_sub_launch.py
-- Up-to-date: /home/lirj25/ros2tutorial/ws_topic/install/topic_tutor/share/ament_index/resource_index/package_run_dependencies/topic_tutor
-- Up-to-date: /home/lirj25/ros2tutorial/ws_topic/install/topic_tutor/share/ament_index/resource_index/parent_prefix_path/topic_tutor
-- Up-to-date: /home/lirj25/ros2tutorial/ws_topic/install/topic_tutor/share/topic_tutor/environment/ament_prefix_path.sh
-- Installing: /home/lirj25/ros2tutorial/ws_topic/install/topic_tutor/share/topic_tutor/environment/ament_prefix_path.dsv
-- Up-to-date: /home/lirj25/ros2tutorial/ws_topic/install/topic_tutor/share/topic_tutor/environment/path.sh
-- Installing: /home/lirj25/ros2tutorial/ws_topic/install/topic_tutor/share/topic_tutor/environment/path.dsv
-- Up-to-date: /home/lirj25/ros2tutorial/ws_topic/install/topic_tutor/share/topic_tutor/local_setup.bash
-- Up-to-date: /home/lirj25/ros2tutorial/ws_topic/install/topic_tutor/share/topic_tutor/local_setup.sh
-- Up-to-date: /home/lirj25/ros2tutorial/ws_topic/install/topic_tutor/share/topic_tutor/local_setup.zsh
-- Installing: /home/lirj25/ros2tutorial/ws_topic/install/topic_tutor/share/topic_tutor/local_setup.dsv
-- Installing: /home/lirj25/ros2tutorial/ws_topic/install/topic_tutor/share/topic_tutor/package.dsv
-- Up-to-date: /home/lirj25/ros2tutorial/ws_topic/install/topic_tutor/share/ament_index/resource_index/packages/topic_tutor
-- Up-to-date: /home/lirj25/ros2tutorial/ws_topic/install/topic_tutor/share/topic_tutor/cmake/topic_tutorConfig.cmake
-- Up-to-date: /home/lirj25/ros2tutorial/ws_topic/install/topic_tutor/share/topic_tutor/cmake/topic_tutorConfig-version.cmake
-- Up-to-date: /home/lirj25/ros2tutorial/ws_topic/install/topic_tutor/share/topic_tutor/package.xml
