[0.008s] Invoking command in '/home/lirj25/ros2tutorial/ws_topic/build/topic_tutor': AMENT_PREFIX_PATH=/home/lirj25/ros2tutorial/ws_topic/install/base_interfaces_demo:${AMENT_PREFIX_PATH} CMAKE_PREFIX_PATH=/home/lirj25/ros2tutorial/ws_topic/install/base_interfaces_demo:/opt/ros/humble LD_LIBRARY_PATH=/home/lirj25/ros2tutorial/ws_topic/install/base_interfaces_demo/lib:${LD_LIBRARY_PATH} PYTHONPATH=/home/lirj25/ros2tutorial/ws_topic/install/base_interfaces_demo/local/lib/python3.10/dist-packages:${PYTHONPATH} /usr/bin/cmake --build /home/lirj25/ros2tutorial/ws_topic/build/topic_tutor -- -j20 -l20
[0.026s] -- Found ament_cmake: 1.3.10 (/opt/ros/humble/share/ament_cmake/cmake)
[0.112s] -- Found rclcpp: 16.0.10 (/opt/ros/humble/share/rclcpp/cmake)
[0.131s] -- Found rosidl_generator_c: 3.1.5 (/opt/ros/humble/share/rosidl_generator_c/cmake)
[0.132s] -- Found rosidl_adapter: 3.1.5 (/opt/ros/humble/share/rosidl_adapter/cmake)
[0.136s] -- Found rosidl_generator_cpp: 3.1.5 (/opt/ros/humble/share/rosidl_generator_cpp/cmake)
[0.142s] -- Using all available rosidl_typesupport_c: rosidl_typesupport_fastrtps_c;rosidl_typesupport_introspection_c
[0.150s] -- Using all available rosidl_typesupport_cpp: rosidl_typesupport_fastrtps_cpp;rosidl_typesupport_introspection_cpp
[0.170s] -- Found rmw_implementation_cmake: 6.1.2 (/opt/ros/humble/share/rmw_implementation_cmake/cmake)
[0.171s] -- Found rmw_fastrtps_cpp: 6.2.7 (/opt/ros/humble/share/rmw_fastrtps_cpp/cmake)
[0.238s] -- Using RMW implementation 'rmw_fastrtps_cpp' as default
[0.267s] -- Found turtlesim: 1.4.2 (/opt/ros/humble/share/turtlesim/cmake)
[0.289s] -- Found base_interfaces_demo: 0.0.0 (/home/lirj25/ros2tutorial/ws_topic/install/base_interfaces_demo/share/base_interfaces_demo/cmake)
[0.294s] -- Found geometry_msgs: 4.2.4 (/opt/ros/humble/share/geometry_msgs/cmake)
[0.302s] -- Found rclcpp_action: 16.0.10 (/opt/ros/humble/share/rclcpp_action/cmake)
[0.308s] -- Found ament_lint_auto: 0.12.11 (/opt/ros/humble/share/ament_lint_auto/cmake)
[0.353s] -- Added test 'cppcheck' to perform static code analysis on C / C++ code
[0.353s] -- Configured cppcheck include dirs: $<BUILD_INTERFACE:/home/lirj25/ros2tutorial/ws_topic/src/topic_tutor/include>
[0.353s] -- Configured cppcheck exclude dirs and/or files: 
[0.353s] -- Added test 'flake8' to check Python code syntax and style conventions
[0.354s] -- Added test 'lint_cmake' to check CMake code style
[0.354s] -- Added test 'pep257' to check Python code against some of the docstring style conventions in PEP 257
[0.354s] -- Added test 'uncrustify' to check C / C++ code style
[0.354s] -- Configured uncrustify additional arguments: 
[0.354s] -- Added test 'xmllint' to check XML markup files
[0.355s] -- Configuring done
[0.361s] -- Generating done
[0.364s] -- Build files have been written to: /home/lirj25/ros2tutorial/ws_topic/build/topic_tutor
[0.381s] [35m[1mConsolidate compiler generated dependencies of target topic_pub_sub[0m
[0.391s] [100%] Built target topic_pub_sub
[0.400s] Invoked command in '/home/lirj25/ros2tutorial/ws_topic/build/topic_tutor' returned '0': AMENT_PREFIX_PATH=/home/lirj25/ros2tutorial/ws_topic/install/base_interfaces_demo:${AMENT_PREFIX_PATH} CMAKE_PREFIX_PATH=/home/lirj25/ros2tutorial/ws_topic/install/base_interfaces_demo:/opt/ros/humble LD_LIBRARY_PATH=/home/lirj25/ros2tutorial/ws_topic/install/base_interfaces_demo/lib:${LD_LIBRARY_PATH} PYTHONPATH=/home/lirj25/ros2tutorial/ws_topic/install/base_interfaces_demo/local/lib/python3.10/dist-packages:${PYTHONPATH} /usr/bin/cmake --build /home/lirj25/ros2tutorial/ws_topic/build/topic_tutor -- -j20 -l20
[0.407s] Invoking command in '/home/lirj25/ros2tutorial/ws_topic/build/topic_tutor': AMENT_PREFIX_PATH=/home/lirj25/ros2tutorial/ws_topic/install/base_interfaces_demo:${AMENT_PREFIX_PATH} CMAKE_PREFIX_PATH=/home/lirj25/ros2tutorial/ws_topic/install/base_interfaces_demo:/opt/ros/humble LD_LIBRARY_PATH=/home/lirj25/ros2tutorial/ws_topic/install/base_interfaces_demo/lib:${LD_LIBRARY_PATH} PYTHONPATH=/home/lirj25/ros2tutorial/ws_topic/install/base_interfaces_demo/local/lib/python3.10/dist-packages:${PYTHONPATH} /usr/bin/cmake --install /home/lirj25/ros2tutorial/ws_topic/build/topic_tutor
[0.412s] -- Install configuration: ""
[0.412s] -- Up-to-date: /home/lirj25/ros2tutorial/ws_topic/install/topic_tutor/lib/topic_tutor/topic_pub_sub
[0.412s] -- Installing: /home/lirj25/ros2tutorial/ws_topic/install/topic_tutor/share/topic_tutor/launch
[0.412s] -- Installing: /home/lirj25/ros2tutorial/ws_topic/install/topic_tutor/share/topic_tutor/launch/topic_pub_sub_launch.py
[0.412s] -- Up-to-date: /home/lirj25/ros2tutorial/ws_topic/install/topic_tutor/share/ament_index/resource_index/package_run_dependencies/topic_tutor
[0.412s] -- Up-to-date: /home/lirj25/ros2tutorial/ws_topic/install/topic_tutor/share/ament_index/resource_index/parent_prefix_path/topic_tutor
[0.412s] -- Up-to-date: /home/lirj25/ros2tutorial/ws_topic/install/topic_tutor/share/topic_tutor/environment/ament_prefix_path.sh
[0.412s] -- Installing: /home/lirj25/ros2tutorial/ws_topic/install/topic_tutor/share/topic_tutor/environment/ament_prefix_path.dsv
[0.412s] -- Up-to-date: /home/lirj25/ros2tutorial/ws_topic/install/topic_tutor/share/topic_tutor/environment/path.sh
[0.412s] -- Installing: /home/lirj25/ros2tutorial/ws_topic/install/topic_tutor/share/topic_tutor/environment/path.dsv
[0.412s] -- Up-to-date: /home/lirj25/ros2tutorial/ws_topic/install/topic_tutor/share/topic_tutor/local_setup.bash
[0.412s] -- Up-to-date: /home/lirj25/ros2tutorial/ws_topic/install/topic_tutor/share/topic_tutor/local_setup.sh
[0.412s] -- Up-to-date: /home/lirj25/ros2tutorial/ws_topic/install/topic_tutor/share/topic_tutor/local_setup.zsh
[0.412s] -- Installing: /home/lirj25/ros2tutorial/ws_topic/install/topic_tutor/share/topic_tutor/local_setup.dsv
[0.412s] -- Installing: /home/lirj25/ros2tutorial/ws_topic/install/topic_tutor/share/topic_tutor/package.dsv
[0.412s] -- Up-to-date: /home/lirj25/ros2tutorial/ws_topic/install/topic_tutor/share/ament_index/resource_index/packages/topic_tutor
[0.412s] -- Up-to-date: /home/lirj25/ros2tutorial/ws_topic/install/topic_tutor/share/topic_tutor/cmake/topic_tutorConfig.cmake
[0.412s] -- Up-to-date: /home/lirj25/ros2tutorial/ws_topic/install/topic_tutor/share/topic_tutor/cmake/topic_tutorConfig-version.cmake
[0.412s] -- Up-to-date: /home/lirj25/ros2tutorial/ws_topic/install/topic_tutor/share/topic_tutor/package.xml
[0.414s] Invoked command in '/home/lirj25/ros2tutorial/ws_topic/build/topic_tutor' returned '0': AMENT_PREFIX_PATH=/home/lirj25/ros2tutorial/ws_topic/install/base_interfaces_demo:${AMENT_PREFIX_PATH} CMAKE_PREFIX_PATH=/home/lirj25/ros2tutorial/ws_topic/install/base_interfaces_demo:/opt/ros/humble LD_LIBRARY_PATH=/home/lirj25/ros2tutorial/ws_topic/install/base_interfaces_demo/lib:${LD_LIBRARY_PATH} PYTHONPATH=/home/lirj25/ros2tutorial/ws_topic/install/base_interfaces_demo/local/lib/python3.10/dist-packages:${PYTHONPATH} /usr/bin/cmake --install /home/lirj25/ros2tutorial/ws_topic/build/topic_tutor
