[0.065s] DEBUG:colcon:Command line arguments: ['/usr/bin/colcon', 'build', '--packages-select', 'topic_tutor']
[0.065s] DEBUG:colcon:Parsed command line arguments: Namespace(log_base=None, log_level=None, verb_name='build', build_base='build', install_base='install', merge_install=False, symlink_install=False, test_result_base=None, continue_on_error=False, executor='parallel', parallel_workers=20, event_handlers=None, ignore_user_meta=False, metas=['./colcon.meta'], base_paths=['.'], packages_ignore=None, packages_ignore_regex=None, paths=None, packages_up_to=None, packages_up_to_regex=None, packages_above=None, packages_above_and_dependencies=None, packages_above_depth=None, packages_select_by_dep=None, packages_skip_by_dep=None, packages_skip_up_to=None, packages_select_build_failed=False, packages_skip_build_finished=False, packages_select_test_failures=False, packages_skip_test_passed=False, packages_select=['topic_tutor'], packages_skip=None, packages_select_regex=None, packages_skip_regex=None, packages_start=None, packages_end=None, allow_overriding=[], cmake_args=None, cmake_target=None, cmake_target_skip_unavailable=False, cmake_clean_cache=False, cmake_clean_first=False, cmake_force_configure=False, ament_cmake_args=None, catkin_cmake_args=None, catkin_skip_building_tests=False, verb_parser=<colcon_defaults.argument_parser.defaults.DefaultArgumentsDecorator object at 0x7d422c539ab0>, verb_extension=<colcon_core.verb.build.BuildVerb object at 0x7d422c539660>, main=<bound method BuildVerb.main of <colcon_core.verb.build.BuildVerb object at 0x7d422c539660>>)
[0.165s] Level 1:colcon.colcon_core.package_discovery:discover_packages(colcon_meta) check parameters
[0.165s] Level 1:colcon.colcon_core.package_discovery:discover_packages(recursive) check parameters
[0.165s] Level 1:colcon.colcon_core.package_discovery:discover_packages(ignore) check parameters
[0.165s] Level 1:colcon.colcon_core.package_discovery:discover_packages(path) check parameters
[0.165s] Level 1:colcon.colcon_core.package_discovery:discover_packages(colcon_meta) discover
[0.165s] Level 1:colcon.colcon_core.package_discovery:discover_packages(recursive) discover
[0.165s] INFO:colcon.colcon_core.package_discovery:Crawling recursively for packages in '/home/lirj25/ros2tutorial/ws_topic'
[0.165s] Level 1:colcon.colcon_core.package_identification:_identify(.) by extensions ['ignore', 'ignore_ament_install']
[0.165s] Level 1:colcon.colcon_core.package_identification:_identify(.) by extension 'ignore'
[0.165s] Level 1:colcon.colcon_core.package_identification:_identify(.) by extension 'ignore_ament_install'
[0.165s] Level 1:colcon.colcon_core.package_identification:_identify(.) by extensions ['colcon_pkg']
[0.165s] Level 1:colcon.colcon_core.package_identification:_identify(.) by extension 'colcon_pkg'
[0.165s] Level 1:colcon.colcon_core.package_identification:_identify(.) by extensions ['colcon_meta']
[0.165s] Level 1:colcon.colcon_core.package_identification:_identify(.) by extension 'colcon_meta'
[0.165s] Level 1:colcon.colcon_core.package_identification:_identify(.) by extensions ['ros']
[0.165s] Level 1:colcon.colcon_core.package_identification:_identify(.) by extension 'ros'
[0.173s] Level 1:colcon.colcon_core.package_identification:_identify(.) by extensions ['cmake', 'python']
[0.173s] Level 1:colcon.colcon_core.package_identification:_identify(.) by extension 'cmake'
[0.173s] Level 1:colcon.colcon_core.package_identification:_identify(.) by extension 'python'
[0.173s] Level 1:colcon.colcon_core.package_identification:_identify(.) by extensions ['python_setup_py']
[0.173s] Level 1:colcon.colcon_core.package_identification:_identify(.) by extension 'python_setup_py'
[0.174s] Level 1:colcon.colcon_core.package_identification:_identify(build) by extensions ['ignore', 'ignore_ament_install']
[0.174s] Level 1:colcon.colcon_core.package_identification:_identify(build) by extension 'ignore'
[0.174s] Level 1:colcon.colcon_core.package_identification:_identify(build) ignored
[0.174s] Level 1:colcon.colcon_core.package_identification:_identify(install) by extensions ['ignore', 'ignore_ament_install']
[0.174s] Level 1:colcon.colcon_core.package_identification:_identify(install) by extension 'ignore'
[0.174s] Level 1:colcon.colcon_core.package_identification:_identify(install) ignored
[0.174s] Level 1:colcon.colcon_core.package_identification:_identify(log) by extensions ['ignore', 'ignore_ament_install']
[0.174s] Level 1:colcon.colcon_core.package_identification:_identify(log) by extension 'ignore'
[0.174s] Level 1:colcon.colcon_core.package_identification:_identify(log) ignored
[0.174s] Level 1:colcon.colcon_core.package_identification:_identify(src) by extensions ['ignore', 'ignore_ament_install']
[0.174s] Level 1:colcon.colcon_core.package_identification:_identify(src) by extension 'ignore'
[0.174s] Level 1:colcon.colcon_core.package_identification:_identify(src) by extension 'ignore_ament_install'
[0.174s] Level 1:colcon.colcon_core.package_identification:_identify(src) by extensions ['colcon_pkg']
[0.174s] Level 1:colcon.colcon_core.package_identification:_identify(src) by extension 'colcon_pkg'
[0.174s] Level 1:colcon.colcon_core.package_identification:_identify(src) by extensions ['colcon_meta']
[0.174s] Level 1:colcon.colcon_core.package_identification:_identify(src) by extension 'colcon_meta'
[0.174s] Level 1:colcon.colcon_core.package_identification:_identify(src) by extensions ['ros']
[0.174s] Level 1:colcon.colcon_core.package_identification:_identify(src) by extension 'ros'
[0.174s] Level 1:colcon.colcon_core.package_identification:_identify(src) by extensions ['cmake', 'python']
[0.174s] Level 1:colcon.colcon_core.package_identification:_identify(src) by extension 'cmake'
[0.174s] Level 1:colcon.colcon_core.package_identification:_identify(src) by extension 'python'
[0.174s] Level 1:colcon.colcon_core.package_identification:_identify(src) by extensions ['python_setup_py']
[0.174s] Level 1:colcon.colcon_core.package_identification:_identify(src) by extension 'python_setup_py'
[0.174s] Level 1:colcon.colcon_core.package_identification:_identify(src/base_interfaces_demo) by extensions ['ignore', 'ignore_ament_install']
[0.174s] Level 1:colcon.colcon_core.package_identification:_identify(src/base_interfaces_demo) by extension 'ignore'
[0.175s] Level 1:colcon.colcon_core.package_identification:_identify(src/base_interfaces_demo) by extension 'ignore_ament_install'
[0.175s] Level 1:colcon.colcon_core.package_identification:_identify(src/base_interfaces_demo) by extensions ['colcon_pkg']
[0.175s] Level 1:colcon.colcon_core.package_identification:_identify(src/base_interfaces_demo) by extension 'colcon_pkg'
[0.175s] Level 1:colcon.colcon_core.package_identification:_identify(src/base_interfaces_demo) by extensions ['colcon_meta']
[0.175s] Level 1:colcon.colcon_core.package_identification:_identify(src/base_interfaces_demo) by extension 'colcon_meta'
[0.175s] Level 1:colcon.colcon_core.package_identification:_identify(src/base_interfaces_demo) by extensions ['ros']
[0.175s] Level 1:colcon.colcon_core.package_identification:_identify(src/base_interfaces_demo) by extension 'ros'
[0.177s] DEBUG:colcon.colcon_core.package_identification:Package 'src/base_interfaces_demo' with type 'ros.ament_cmake' and name 'base_interfaces_demo'
[0.177s] Level 1:colcon.colcon_core.package_identification:_identify(src/topic_tutor) by extensions ['ignore', 'ignore_ament_install']
[0.177s] Level 1:colcon.colcon_core.package_identification:_identify(src/topic_tutor) by extension 'ignore'
[0.177s] Level 1:colcon.colcon_core.package_identification:_identify(src/topic_tutor) by extension 'ignore_ament_install'
[0.177s] Level 1:colcon.colcon_core.package_identification:_identify(src/topic_tutor) by extensions ['colcon_pkg']
[0.177s] Level 1:colcon.colcon_core.package_identification:_identify(src/topic_tutor) by extension 'colcon_pkg'
[0.177s] Level 1:colcon.colcon_core.package_identification:_identify(src/topic_tutor) by extensions ['colcon_meta']
[0.177s] Level 1:colcon.colcon_core.package_identification:_identify(src/topic_tutor) by extension 'colcon_meta'
[0.177s] Level 1:colcon.colcon_core.package_identification:_identify(src/topic_tutor) by extensions ['ros']
[0.177s] Level 1:colcon.colcon_core.package_identification:_identify(src/topic_tutor) by extension 'ros'
[0.178s] DEBUG:colcon.colcon_core.package_identification:Package 'src/topic_tutor' with type 'ros.ament_cmake' and name 'topic_tutor'
[0.178s] Level 1:colcon.colcon_core.package_discovery:discover_packages(recursive) using defaults
[0.178s] Level 1:colcon.colcon_core.package_discovery:discover_packages(ignore) discover
[0.178s] Level 1:colcon.colcon_core.package_discovery:discover_packages(ignore) using defaults
[0.178s] Level 1:colcon.colcon_core.package_discovery:discover_packages(path) discover
[0.178s] Level 1:colcon.colcon_core.package_discovery:discover_packages(path) using defaults
[0.197s] INFO:colcon.colcon_core.package_selection:Skipping not selected package 'base_interfaces_demo' in 'src/base_interfaces_demo'
[0.198s] Level 1:colcon.colcon_core.package_discovery:discover_packages(prefix_path) check parameters
[0.198s] Level 1:colcon.colcon_core.package_discovery:discover_packages(prefix_path) discover
[0.199s] DEBUG:colcon.colcon_installed_package_information.package_discovery:Found 270 installed packages in /opt/ros/humble
[0.200s] Level 1:colcon.colcon_core.package_discovery:discover_packages(prefix_path) using defaults
[0.223s] Level 5:colcon.colcon_core.verb:set package 'topic_tutor' build argument 'cmake_args' from command line to 'None'
[0.223s] Level 5:colcon.colcon_core.verb:set package 'topic_tutor' build argument 'cmake_target' from command line to 'None'
[0.223s] Level 5:colcon.colcon_core.verb:set package 'topic_tutor' build argument 'cmake_target_skip_unavailable' from command line to 'False'
[0.223s] Level 5:colcon.colcon_core.verb:set package 'topic_tutor' build argument 'cmake_clean_cache' from command line to 'False'
[0.223s] Level 5:colcon.colcon_core.verb:set package 'topic_tutor' build argument 'cmake_clean_first' from command line to 'False'
[0.223s] Level 5:colcon.colcon_core.verb:set package 'topic_tutor' build argument 'cmake_force_configure' from command line to 'False'
[0.223s] Level 5:colcon.colcon_core.verb:set package 'topic_tutor' build argument 'ament_cmake_args' from command line to 'None'
[0.223s] Level 5:colcon.colcon_core.verb:set package 'topic_tutor' build argument 'catkin_cmake_args' from command line to 'None'
[0.223s] Level 5:colcon.colcon_core.verb:set package 'topic_tutor' build argument 'catkin_skip_building_tests' from command line to 'False'
[0.223s] DEBUG:colcon.colcon_core.verb:Building package 'topic_tutor' with the following arguments: {'ament_cmake_args': None, 'build_base': '/home/lirj25/ros2tutorial/ws_topic/build/topic_tutor', 'catkin_cmake_args': None, 'catkin_skip_building_tests': False, 'cmake_args': None, 'cmake_clean_cache': False, 'cmake_clean_first': False, 'cmake_force_configure': False, 'cmake_target': None, 'cmake_target_skip_unavailable': False, 'install_base': '/home/lirj25/ros2tutorial/ws_topic/install/topic_tutor', 'merge_install': False, 'path': '/home/lirj25/ros2tutorial/ws_topic/src/topic_tutor', 'symlink_install': False, 'test_result_base': None}
[0.224s] INFO:colcon.colcon_core.executor:Executing jobs using 'parallel' executor
[0.224s] DEBUG:colcon.colcon_parallel_executor.executor.parallel:run_until_complete
[0.224s] INFO:colcon.colcon_ros.task.ament_cmake.build:Building ROS package in '/home/lirj25/ros2tutorial/ws_topic/src/topic_tutor' with build type 'ament_cmake'
[0.225s] INFO:colcon.colcon_cmake.task.cmake.build:Building CMake package in '/home/lirj25/ros2tutorial/ws_topic/src/topic_tutor'
[0.226s] INFO:colcon.colcon_core.plugin_system:Skipping extension 'colcon_core.shell.bat': Not used on non-Windows systems
[0.226s] INFO:colcon.colcon_core.shell:Skip shell extension 'powershell' for command environment: Not usable outside of PowerShell
[0.226s] DEBUG:colcon.colcon_core.shell:Skip shell extension 'dsv' for command environment
[0.234s] DEBUG:colcon.colcon_core.event_handler.log_command:Invoking command in '/home/lirj25/ros2tutorial/ws_topic/build/topic_tutor': AMENT_PREFIX_PATH=/home/lirj25/ros2tutorial/ws_topic/install/base_interfaces_demo:${AMENT_PREFIX_PATH} CMAKE_PREFIX_PATH=/home/lirj25/ros2tutorial/ws_topic/install/base_interfaces_demo:/opt/ros/humble LD_LIBRARY_PATH=/home/lirj25/ros2tutorial/ws_topic/install/base_interfaces_demo/lib:${LD_LIBRARY_PATH} PYTHONPATH=/home/lirj25/ros2tutorial/ws_topic/install/base_interfaces_demo/local/lib/python3.10/dist-packages:${PYTHONPATH} /usr/bin/cmake --build /home/lirj25/ros2tutorial/ws_topic/build/topic_tutor -- -j20 -l20
[2.144s] DEBUG:colcon.colcon_core.event_handler.log_command:Invoked command in '/home/lirj25/ros2tutorial/ws_topic/build/topic_tutor' returned '0': AMENT_PREFIX_PATH=/home/lirj25/ros2tutorial/ws_topic/install/base_interfaces_demo:${AMENT_PREFIX_PATH} CMAKE_PREFIX_PATH=/home/lirj25/ros2tutorial/ws_topic/install/base_interfaces_demo:/opt/ros/humble LD_LIBRARY_PATH=/home/lirj25/ros2tutorial/ws_topic/install/base_interfaces_demo/lib:${LD_LIBRARY_PATH} PYTHONPATH=/home/lirj25/ros2tutorial/ws_topic/install/base_interfaces_demo/local/lib/python3.10/dist-packages:${PYTHONPATH} /usr/bin/cmake --build /home/lirj25/ros2tutorial/ws_topic/build/topic_tutor -- -j20 -l20
[2.150s] DEBUG:colcon.colcon_core.event_handler.log_command:Invoking command in '/home/lirj25/ros2tutorial/ws_topic/build/topic_tutor': AMENT_PREFIX_PATH=/home/lirj25/ros2tutorial/ws_topic/install/base_interfaces_demo:${AMENT_PREFIX_PATH} CMAKE_PREFIX_PATH=/home/lirj25/ros2tutorial/ws_topic/install/base_interfaces_demo:/opt/ros/humble LD_LIBRARY_PATH=/home/lirj25/ros2tutorial/ws_topic/install/base_interfaces_demo/lib:${LD_LIBRARY_PATH} PYTHONPATH=/home/lirj25/ros2tutorial/ws_topic/install/base_interfaces_demo/local/lib/python3.10/dist-packages:${PYTHONPATH} /usr/bin/cmake --install /home/lirj25/ros2tutorial/ws_topic/build/topic_tutor
[2.158s] Level 1:colcon.colcon_core.environment:create_environment_scripts_only(topic_tutor)
[2.158s] DEBUG:colcon.colcon_core.event_handler.log_command:Invoked command in '/home/lirj25/ros2tutorial/ws_topic/build/topic_tutor' returned '0': AMENT_PREFIX_PATH=/home/lirj25/ros2tutorial/ws_topic/install/base_interfaces_demo:${AMENT_PREFIX_PATH} CMAKE_PREFIX_PATH=/home/lirj25/ros2tutorial/ws_topic/install/base_interfaces_demo:/opt/ros/humble LD_LIBRARY_PATH=/home/lirj25/ros2tutorial/ws_topic/install/base_interfaces_demo/lib:${LD_LIBRARY_PATH} PYTHONPATH=/home/lirj25/ros2tutorial/ws_topic/install/base_interfaces_demo/local/lib/python3.10/dist-packages:${PYTHONPATH} /usr/bin/cmake --install /home/lirj25/ros2tutorial/ws_topic/build/topic_tutor
[2.161s] Level 1:colcon.colcon_core.environment:checking '/home/lirj25/ros2tutorial/ws_topic/install/topic_tutor' for CMake module files
[2.161s] Level 1:colcon.colcon_core.environment:checking '/home/lirj25/ros2tutorial/ws_topic/install/topic_tutor' for CMake config files
[2.161s] Level 1:colcon.colcon_core.shell:create_environment_hook('topic_tutor', 'cmake_prefix_path')
[2.161s] INFO:colcon.colcon_core.shell:Creating environment hook '/home/lirj25/ros2tutorial/ws_topic/install/topic_tutor/share/topic_tutor/hook/cmake_prefix_path.ps1'
[2.162s] INFO:colcon.colcon_core.shell:Creating environment descriptor '/home/lirj25/ros2tutorial/ws_topic/install/topic_tutor/share/topic_tutor/hook/cmake_prefix_path.dsv'
[2.162s] INFO:colcon.colcon_core.shell:Creating environment hook '/home/lirj25/ros2tutorial/ws_topic/install/topic_tutor/share/topic_tutor/hook/cmake_prefix_path.sh'
[2.162s] Level 1:colcon.colcon_core.environment:checking '/home/lirj25/ros2tutorial/ws_topic/install/topic_tutor/lib'
[2.162s] Level 1:colcon.colcon_core.environment:checking '/home/lirj25/ros2tutorial/ws_topic/install/topic_tutor/bin'
[2.163s] Level 1:colcon.colcon_core.environment:checking '/home/lirj25/ros2tutorial/ws_topic/install/topic_tutor/lib/pkgconfig/topic_tutor.pc'
[2.163s] Level 1:colcon.colcon_core.environment:checking '/home/lirj25/ros2tutorial/ws_topic/install/topic_tutor/lib/python3.10/site-packages'
[2.163s] Level 1:colcon.colcon_core.environment:checking '/home/lirj25/ros2tutorial/ws_topic/install/topic_tutor/bin'
[2.163s] INFO:colcon.colcon_core.shell:Creating package script '/home/lirj25/ros2tutorial/ws_topic/install/topic_tutor/share/topic_tutor/package.ps1'
[2.163s] INFO:colcon.colcon_core.shell:Creating package descriptor '/home/lirj25/ros2tutorial/ws_topic/install/topic_tutor/share/topic_tutor/package.dsv'
[2.164s] INFO:colcon.colcon_core.shell:Creating package script '/home/lirj25/ros2tutorial/ws_topic/install/topic_tutor/share/topic_tutor/package.sh'
[2.164s] INFO:colcon.colcon_core.shell:Creating package script '/home/lirj25/ros2tutorial/ws_topic/install/topic_tutor/share/topic_tutor/package.bash'
[2.164s] INFO:colcon.colcon_core.shell:Creating package script '/home/lirj25/ros2tutorial/ws_topic/install/topic_tutor/share/topic_tutor/package.zsh'
[2.165s] Level 1:colcon.colcon_core.environment:create_file_with_runtime_dependencies(/home/lirj25/ros2tutorial/ws_topic/install/topic_tutor/share/colcon-core/packages/topic_tutor)
[2.165s] Level 1:colcon.colcon_core.environment:create_environment_scripts_only(topic_tutor)
[2.165s] Level 1:colcon.colcon_core.environment:checking '/home/lirj25/ros2tutorial/ws_topic/install/topic_tutor' for CMake module files
[2.165s] Level 1:colcon.colcon_core.environment:checking '/home/lirj25/ros2tutorial/ws_topic/install/topic_tutor' for CMake config files
[2.166s] Level 1:colcon.colcon_core.shell:create_environment_hook('topic_tutor', 'cmake_prefix_path')
[2.166s] INFO:colcon.colcon_core.shell:Creating environment hook '/home/lirj25/ros2tutorial/ws_topic/install/topic_tutor/share/topic_tutor/hook/cmake_prefix_path.ps1'
[2.166s] INFO:colcon.colcon_core.shell:Creating environment descriptor '/home/lirj25/ros2tutorial/ws_topic/install/topic_tutor/share/topic_tutor/hook/cmake_prefix_path.dsv'
[2.166s] INFO:colcon.colcon_core.shell:Creating environment hook '/home/lirj25/ros2tutorial/ws_topic/install/topic_tutor/share/topic_tutor/hook/cmake_prefix_path.sh'
[2.166s] Level 1:colcon.colcon_core.environment:checking '/home/lirj25/ros2tutorial/ws_topic/install/topic_tutor/lib'
[2.166s] Level 1:colcon.colcon_core.environment:checking '/home/lirj25/ros2tutorial/ws_topic/install/topic_tutor/bin'
[2.166s] Level 1:colcon.colcon_core.environment:checking '/home/lirj25/ros2tutorial/ws_topic/install/topic_tutor/lib/pkgconfig/topic_tutor.pc'
[2.167s] Level 1:colcon.colcon_core.environment:checking '/home/lirj25/ros2tutorial/ws_topic/install/topic_tutor/lib/python3.10/site-packages'
[2.167s] Level 1:colcon.colcon_core.environment:checking '/home/lirj25/ros2tutorial/ws_topic/install/topic_tutor/bin'
[2.167s] INFO:colcon.colcon_core.shell:Creating package script '/home/lirj25/ros2tutorial/ws_topic/install/topic_tutor/share/topic_tutor/package.ps1'
[2.168s] INFO:colcon.colcon_core.shell:Creating package descriptor '/home/lirj25/ros2tutorial/ws_topic/install/topic_tutor/share/topic_tutor/package.dsv'
[2.168s] INFO:colcon.colcon_core.shell:Creating package script '/home/lirj25/ros2tutorial/ws_topic/install/topic_tutor/share/topic_tutor/package.sh'
[2.169s] INFO:colcon.colcon_core.shell:Creating package script '/home/lirj25/ros2tutorial/ws_topic/install/topic_tutor/share/topic_tutor/package.bash'
[2.169s] INFO:colcon.colcon_core.shell:Creating package script '/home/lirj25/ros2tutorial/ws_topic/install/topic_tutor/share/topic_tutor/package.zsh'
[2.169s] Level 1:colcon.colcon_core.environment:create_file_with_runtime_dependencies(/home/lirj25/ros2tutorial/ws_topic/install/topic_tutor/share/colcon-core/packages/topic_tutor)
[2.170s] DEBUG:colcon.colcon_parallel_executor.executor.parallel:closing loop
[2.170s] DEBUG:colcon.colcon_parallel_executor.executor.parallel:loop closed
[2.170s] DEBUG:colcon.colcon_parallel_executor.executor.parallel:run_until_complete finished with '0'
[2.170s] DEBUG:colcon.colcon_core.event_reactor:joining thread
[2.174s] INFO:colcon.colcon_core.plugin_system:Skipping extension 'colcon_notification.desktop_notification.terminal_notifier': Not used on non-Darwin systems
[2.174s] INFO:colcon.colcon_core.plugin_system:Skipping extension 'colcon_notification.desktop_notification.win32': Not used on non-Windows systems
[2.174s] INFO:colcon.colcon_notification.desktop_notification:Sending desktop notification using 'notify2'
[2.181s] DEBUG:colcon.colcon_core.event_reactor:joined thread
[2.181s] INFO:colcon.colcon_core.shell:Creating prefix script '/home/lirj25/ros2tutorial/ws_topic/install/local_setup.ps1'
[2.182s] INFO:colcon.colcon_core.shell:Creating prefix util module '/home/lirj25/ros2tutorial/ws_topic/install/_local_setup_util_ps1.py'
[2.183s] INFO:colcon.colcon_core.shell:Creating prefix chain script '/home/lirj25/ros2tutorial/ws_topic/install/setup.ps1'
[2.184s] INFO:colcon.colcon_core.shell:Creating prefix script '/home/lirj25/ros2tutorial/ws_topic/install/local_setup.sh'
[2.184s] INFO:colcon.colcon_core.shell:Creating prefix util module '/home/lirj25/ros2tutorial/ws_topic/install/_local_setup_util_sh.py'
[2.185s] INFO:colcon.colcon_core.shell:Creating prefix chain script '/home/lirj25/ros2tutorial/ws_topic/install/setup.sh'
[2.185s] INFO:colcon.colcon_core.shell:Creating prefix script '/home/lirj25/ros2tutorial/ws_topic/install/local_setup.bash'
[2.185s] INFO:colcon.colcon_core.shell:Creating prefix chain script '/home/lirj25/ros2tutorial/ws_topic/install/setup.bash'
[2.186s] INFO:colcon.colcon_core.shell:Creating prefix script '/home/lirj25/ros2tutorial/ws_topic/install/local_setup.zsh'
[2.186s] INFO:colcon.colcon_core.shell:Creating prefix chain script '/home/lirj25/ros2tutorial/ws_topic/install/setup.zsh'
