[35m[1mConsolidate compiler generated dependencies of target topic_pub_sub[0m
[ 50%] [32mBuilding CXX object CMakeFiles/topic_pub_sub.dir/src/topic_pub_sub.cpp.o[0m
[100%] [32m[1mLinking CXX executable topic_pub_sub[0m
[100%] Built target topic_pub_sub
-- Install configuration: ""
-- Installing: /home/lirj25/ros2tutorial/ws_topic/install/topic_tutor/lib/topic_tutor/topic_pub_sub
-- Set runtime path of "/home/lirj25/ros2tutorial/ws_topic/install/topic_tutor/lib/topic_tutor/topic_pub_sub" to ""
-- Installing: /home/lirj25/ros2tutorial/ws_topic/install/topic_tutor/topic_tutor/launch
-- Installing: /home/lirj25/ros2tutorial/ws_topic/install/topic_tutor/topic_tutor/launch/topic_pub_sub_launch.py
-- Installing: /home/lirj25/ros2tutorial/ws_topic/install/topic_tutor/share/ament_index/resource_index/package_run_dependencies/topic_tutor
-- Installing: /home/lirj25/ros2tutorial/ws_topic/install/topic_tutor/share/ament_index/resource_index/parent_prefix_path/topic_tutor
-- Installing: /home/lirj25/ros2tutorial/ws_topic/install/topic_tutor/share/topic_tutor/environment/ament_prefix_path.sh
-- Installing: /home/lirj25/ros2tutorial/ws_topic/install/topic_tutor/share/topic_tutor/environment/ament_prefix_path.dsv
-- Installing: /home/lirj25/ros2tutorial/ws_topic/install/topic_tutor/share/topic_tutor/environment/path.sh
-- Installing: /home/lirj25/ros2tutorial/ws_topic/install/topic_tutor/share/topic_tutor/environment/path.dsv
-- Installing: /home/lirj25/ros2tutorial/ws_topic/install/topic_tutor/share/topic_tutor/local_setup.bash
-- Installing: /home/lirj25/ros2tutorial/ws_topic/install/topic_tutor/share/topic_tutor/local_setup.sh
-- Installing: /home/lirj25/ros2tutorial/ws_topic/install/topic_tutor/share/topic_tutor/local_setup.zsh
-- Installing: /home/lirj25/ros2tutorial/ws_topic/install/topic_tutor/share/topic_tutor/local_setup.dsv
-- Installing: /home/lirj25/ros2tutorial/ws_topic/install/topic_tutor/share/topic_tutor/package.dsv
-- Installing: /home/lirj25/ros2tutorial/ws_topic/install/topic_tutor/share/ament_index/resource_index/packages/topic_tutor
-- Installing: /home/lirj25/ros2tutorial/ws_topic/install/topic_tutor/share/topic_tutor/cmake/topic_tutorConfig.cmake
-- Installing: /home/lirj25/ros2tutorial/ws_topic/install/topic_tutor/share/topic_tutor/cmake/topic_tutorConfig-version.cmake
-- Installing: /home/lirj25/ros2tutorial/ws_topic/install/topic_tutor/share/topic_tutor/package.xml
