[0.009s] Invoking command in '/home/lirj25/ros2tutorial/ws_topic/build/topic_tutor': AMENT_PREFIX_PATH=/home/lirj25/ros2tutorial/ws_topic/install/base_interfaces_demo:${AMENT_PREFIX_PATH} CMAKE_PREFIX_PATH=/home/lirj25/ros2tutorial/ws_topic/install/base_interfaces_demo:/opt/ros/humble LD_LIBRARY_PATH=/home/lirj25/ros2tutorial/ws_topic/install/base_interfaces_demo/lib:${LD_LIBRARY_PATH} PYTHONPATH=/home/lirj25/ros2tutorial/ws_topic/install/base_interfaces_demo/local/lib/python3.10/dist-packages:${PYTHONPATH} /usr/bin/cmake --build /home/lirj25/ros2tutorial/ws_topic/build/topic_tutor -- -j20 -l20
[0.037s] [35m[1mConsolidate compiler generated dependencies of target topic_pub_sub[0m
[0.048s] [ 50%] [32mBuilding CXX object CMakeFiles/topic_pub_sub.dir/src/topic_pub_sub.cpp.o[0m
[1.836s] [100%] [32m[1mLinking CXX executable topic_pub_sub[0m
[1.911s] [100%] Built target topic_pub_sub
[1.919s] Invoked command in '/home/lirj25/ros2tutorial/ws_topic/build/topic_tutor' returned '0': AMENT_PREFIX_PATH=/home/lirj25/ros2tutorial/ws_topic/install/base_interfaces_demo:${AMENT_PREFIX_PATH} CMAKE_PREFIX_PATH=/home/lirj25/ros2tutorial/ws_topic/install/base_interfaces_demo:/opt/ros/humble LD_LIBRARY_PATH=/home/lirj25/ros2tutorial/ws_topic/install/base_interfaces_demo/lib:${LD_LIBRARY_PATH} PYTHONPATH=/home/lirj25/ros2tutorial/ws_topic/install/base_interfaces_demo/local/lib/python3.10/dist-packages:${PYTHONPATH} /usr/bin/cmake --build /home/lirj25/ros2tutorial/ws_topic/build/topic_tutor -- -j20 -l20
[1.925s] Invoking command in '/home/lirj25/ros2tutorial/ws_topic/build/topic_tutor': AMENT_PREFIX_PATH=/home/lirj25/ros2tutorial/ws_topic/install/base_interfaces_demo:${AMENT_PREFIX_PATH} CMAKE_PREFIX_PATH=/home/lirj25/ros2tutorial/ws_topic/install/base_interfaces_demo:/opt/ros/humble LD_LIBRARY_PATH=/home/lirj25/ros2tutorial/ws_topic/install/base_interfaces_demo/lib:${LD_LIBRARY_PATH} PYTHONPATH=/home/lirj25/ros2tutorial/ws_topic/install/base_interfaces_demo/local/lib/python3.10/dist-packages:${PYTHONPATH} /usr/bin/cmake --install /home/lirj25/ros2tutorial/ws_topic/build/topic_tutor
[1.930s] -- Install configuration: ""
[1.930s] -- Installing: /home/lirj25/ros2tutorial/ws_topic/install/topic_tutor/lib/topic_tutor/topic_pub_sub
[1.930s] -- Set runtime path of "/home/lirj25/ros2tutorial/ws_topic/install/topic_tutor/lib/topic_tutor/topic_pub_sub" to ""
[1.930s] -- Installing: /home/lirj25/ros2tutorial/ws_topic/install/topic_tutor/topic_tutor/launch
[1.930s] -- Installing: /home/lirj25/ros2tutorial/ws_topic/install/topic_tutor/topic_tutor/launch/topic_pub_sub_launch.py
[1.930s] -- Installing: /home/lirj25/ros2tutorial/ws_topic/install/topic_tutor/share/ament_index/resource_index/package_run_dependencies/topic_tutor
[1.930s] -- Installing: /home/lirj25/ros2tutorial/ws_topic/install/topic_tutor/share/ament_index/resource_index/parent_prefix_path/topic_tutor
[1.931s] -- Installing: /home/lirj25/ros2tutorial/ws_topic/install/topic_tutor/share/topic_tutor/environment/ament_prefix_path.sh
[1.931s] -- Installing: /home/lirj25/ros2tutorial/ws_topic/install/topic_tutor/share/topic_tutor/environment/ament_prefix_path.dsv
[1.931s] -- Installing: /home/lirj25/ros2tutorial/ws_topic/install/topic_tutor/share/topic_tutor/environment/path.sh
[1.931s] -- Installing: /home/lirj25/ros2tutorial/ws_topic/install/topic_tutor/share/topic_tutor/environment/path.dsv
[1.931s] -- Installing: /home/lirj25/ros2tutorial/ws_topic/install/topic_tutor/share/topic_tutor/local_setup.bash
[1.931s] -- Installing: /home/lirj25/ros2tutorial/ws_topic/install/topic_tutor/share/topic_tutor/local_setup.sh
[1.931s] -- Installing: /home/lirj25/ros2tutorial/ws_topic/install/topic_tutor/share/topic_tutor/local_setup.zsh
[1.931s] -- Installing: /home/lirj25/ros2tutorial/ws_topic/install/topic_tutor/share/topic_tutor/local_setup.dsv
[1.931s] -- Installing: /home/lirj25/ros2tutorial/ws_topic/install/topic_tutor/share/topic_tutor/package.dsv
[1.931s] -- Installing: /home/lirj25/ros2tutorial/ws_topic/install/topic_tutor/share/ament_index/resource_index/packages/topic_tutor
[1.931s] -- Installing: /home/lirj25/ros2tutorial/ws_topic/install/topic_tutor/share/topic_tutor/cmake/topic_tutorConfig.cmake
[1.931s] -- Installing: /home/lirj25/ros2tutorial/ws_topic/install/topic_tutor/share/topic_tutor/cmake/topic_tutorConfig-version.cmake
[1.931s] -- Installing: /home/lirj25/ros2tutorial/ws_topic/install/topic_tutor/share/topic_tutor/package.xml
[1.933s] Invoked command in '/home/lirj25/ros2tutorial/ws_topic/build/topic_tutor' returned '0': AMENT_PREFIX_PATH=/home/lirj25/ros2tutorial/ws_topic/install/base_interfaces_demo:${AMENT_PREFIX_PATH} CMAKE_PREFIX_PATH=/home/lirj25/ros2tutorial/ws_topic/install/base_interfaces_demo:/opt/ros/humble LD_LIBRARY_PATH=/home/lirj25/ros2tutorial/ws_topic/install/base_interfaces_demo/lib:${LD_LIBRARY_PATH} PYTHONPATH=/home/lirj25/ros2tutorial/ws_topic/install/base_interfaces_demo/local/lib/python3.10/dist-packages:${PYTHONPATH} /usr/bin/cmake --install /home/lirj25/ros2tutorial/ws_topic/build/topic_tutor
