[0.009s] Invoking command in '/home/lirj25/ros2tutorial/ws_topic/build/topic_tutor': CMAKE_PREFIX_PATH=/home/lirj25/ros2tutorial/ws_topic/install/base_interfaces_demo:/home/lirj25/ros2tutorial/ws_topic/install/topic_tutor:/opt/ros/humble /usr/bin/cmake --build /home/lirj25/ros2tutorial/ws_topic/build/topic_tutor -- -j20 -l20
[0.047s] [ 50%] [32mBuilding CXX object CMakeFiles/topic_pub_sub.dir/src/topic_pub_sub.cpp.o[0m
[5.465s] [100%] [32m[1mLinking CXX executable topic_pub_sub[0m
[5.732s] [100%] Built target topic_pub_sub
[5.743s] Invoked command in '/home/lirj25/ros2tutorial/ws_topic/build/topic_tutor' returned '0': CMAKE_PREFIX_PATH=/home/lirj25/ros2tutorial/ws_topic/install/base_interfaces_demo:/home/lirj25/ros2tutorial/ws_topic/install/topic_tutor:/opt/ros/humble /usr/bin/cmake --build /home/lirj25/ros2tutorial/ws_topic/build/topic_tutor -- -j20 -l20
[5.750s] Invoking command in '/home/lirj25/ros2tutorial/ws_topic/build/topic_tutor': CMAKE_PREFIX_PATH=/home/lirj25/ros2tutorial/ws_topic/install/base_interfaces_demo:/home/lirj25/ros2tutorial/ws_topic/install/topic_tutor:/opt/ros/humble /usr/bin/cmake --install /home/lirj25/ros2tutorial/ws_topic/build/topic_tutor
[5.757s] -- Install configuration: ""
[5.757s] -- Installing: /home/lirj25/ros2tutorial/ws_topic/install/topic_tutor/lib/topic_tutor/topic_pub_sub
[5.759s] -- Set runtime path of "/home/lirj25/ros2tutorial/ws_topic/install/topic_tutor/lib/topic_tutor/topic_pub_sub" to ""
[5.759s] -- Up-to-date: /home/lirj25/ros2tutorial/ws_topic/install/topic_tutor/share/topic_tutor/launch
[5.759s] -- Up-to-date: /home/lirj25/ros2tutorial/ws_topic/install/topic_tutor/share/topic_tutor/launch/topic_pub_sub_launch.py
[5.759s] -- Up-to-date: /home/lirj25/ros2tutorial/ws_topic/install/topic_tutor/share/ament_index/resource_index/package_run_dependencies/topic_tutor
[5.759s] -- Up-to-date: /home/lirj25/ros2tutorial/ws_topic/install/topic_tutor/share/ament_index/resource_index/parent_prefix_path/topic_tutor
[5.759s] -- Up-to-date: /home/lirj25/ros2tutorial/ws_topic/install/topic_tutor/share/topic_tutor/environment/ament_prefix_path.sh
[5.760s] -- Up-to-date: /home/lirj25/ros2tutorial/ws_topic/install/topic_tutor/share/topic_tutor/environment/ament_prefix_path.dsv
[5.760s] -- Up-to-date: /home/lirj25/ros2tutorial/ws_topic/install/topic_tutor/share/topic_tutor/environment/path.sh
[5.760s] -- Up-to-date: /home/lirj25/ros2tutorial/ws_topic/install/topic_tutor/share/topic_tutor/environment/path.dsv
[5.760s] -- Up-to-date: /home/lirj25/ros2tutorial/ws_topic/install/topic_tutor/share/topic_tutor/local_setup.bash
[5.760s] -- Up-to-date: /home/lirj25/ros2tutorial/ws_topic/install/topic_tutor/share/topic_tutor/local_setup.sh
[5.760s] -- Up-to-date: /home/lirj25/ros2tutorial/ws_topic/install/topic_tutor/share/topic_tutor/local_setup.zsh
[5.760s] -- Up-to-date: /home/lirj25/ros2tutorial/ws_topic/install/topic_tutor/share/topic_tutor/local_setup.dsv
[5.760s] -- Installing: /home/lirj25/ros2tutorial/ws_topic/install/topic_tutor/share/topic_tutor/package.dsv
[5.760s] -- Up-to-date: /home/lirj25/ros2tutorial/ws_topic/install/topic_tutor/share/ament_index/resource_index/packages/topic_tutor
[5.760s] -- Up-to-date: /home/lirj25/ros2tutorial/ws_topic/install/topic_tutor/share/topic_tutor/cmake/topic_tutorConfig.cmake
[5.760s] -- Up-to-date: /home/lirj25/ros2tutorial/ws_topic/install/topic_tutor/share/topic_tutor/cmake/topic_tutorConfig-version.cmake
[5.760s] -- Up-to-date: /home/lirj25/ros2tutorial/ws_topic/install/topic_tutor/share/topic_tutor/package.xml
[5.761s] Invoked command in '/home/lirj25/ros2tutorial/ws_topic/build/topic_tutor' returned '0': CMAKE_PREFIX_PATH=/home/lirj25/ros2tutorial/ws_topic/install/base_interfaces_demo:/home/lirj25/ros2tutorial/ws_topic/install/topic_tutor:/opt/ros/humble /usr/bin/cmake --install /home/lirj25/ros2tutorial/ws_topic/build/topic_tutor
