[0.065s] DEBUG:colcon:Command line arguments: ['/usr/bin/colcon', 'build', '--packages-select', 'topic_tutor']
[0.065s] DEBUG:colcon:Parsed command line arguments: Namespace(log_base=None, log_level=None, verb_name='build', build_base='build', install_base='install', merge_install=False, symlink_install=False, test_result_base=None, continue_on_error=False, executor='parallel', parallel_workers=20, event_handlers=None, ignore_user_meta=False, metas=['./colcon.meta'], base_paths=['.'], packages_ignore=None, packages_ignore_regex=None, paths=None, packages_up_to=None, packages_up_to_regex=None, packages_above=None, packages_above_and_dependencies=None, packages_above_depth=None, packages_select_by_dep=None, packages_skip_by_dep=None, packages_skip_up_to=None, packages_select_build_failed=False, packages_skip_build_finished=False, packages_select_test_failures=False, packages_skip_test_passed=False, packages_select=['topic_tutor'], packages_skip=None, packages_select_regex=None, packages_skip_regex=None, packages_start=None, packages_end=None, allow_overriding=[], cmake_args=None, cmake_target=None, cmake_target_skip_unavailable=False, cmake_clean_cache=False, cmake_clean_first=False, cmake_force_configure=False, ament_cmake_args=None, catkin_cmake_args=None, catkin_skip_building_tests=False, verb_parser=<colcon_defaults.argument_parser.defaults.DefaultArgumentsDecorator object at 0x703926c41cf0>, verb_extension=<colcon_core.verb.build.BuildVerb object at 0x703926c418a0>, main=<bound method BuildVerb.main of <colcon_core.verb.build.BuildVerb object at 0x703926c418a0>>)
[0.159s] Level 1:colcon.colcon_core.package_discovery:discover_packages(colcon_meta) check parameters
[0.159s] Level 1:colcon.colcon_core.package_discovery:discover_packages(recursive) check parameters
[0.159s] Level 1:colcon.colcon_core.package_discovery:discover_packages(ignore) check parameters
[0.159s] Level 1:colcon.colcon_core.package_discovery:discover_packages(path) check parameters
[0.159s] Level 1:colcon.colcon_core.package_discovery:discover_packages(colcon_meta) discover
[0.159s] Level 1:colcon.colcon_core.package_discovery:discover_packages(recursive) discover
[0.159s] INFO:colcon.colcon_core.package_discovery:Crawling recursively for packages in '/home/lirj25/ros2tutorial/ws_topic'
[0.159s] Level 1:colcon.colcon_core.package_identification:_identify(.) by extensions ['ignore', 'ignore_ament_install']
[0.159s] Level 1:colcon.colcon_core.package_identification:_identify(.) by extension 'ignore'
[0.159s] Level 1:colcon.colcon_core.package_identification:_identify(.) by extension 'ignore_ament_install'
[0.159s] Level 1:colcon.colcon_core.package_identification:_identify(.) by extensions ['colcon_pkg']
[0.159s] Level 1:colcon.colcon_core.package_identification:_identify(.) by extension 'colcon_pkg'
[0.159s] Level 1:colcon.colcon_core.package_identification:_identify(.) by extensions ['colcon_meta']
[0.159s] Level 1:colcon.colcon_core.package_identification:_identify(.) by extension 'colcon_meta'
[0.159s] Level 1:colcon.colcon_core.package_identification:_identify(.) by extensions ['ros']
[0.159s] Level 1:colcon.colcon_core.package_identification:_identify(.) by extension 'ros'
[0.168s] Level 1:colcon.colcon_core.package_identification:_identify(.) by extensions ['cmake', 'python']
[0.168s] Level 1:colcon.colcon_core.package_identification:_identify(.) by extension 'cmake'
[0.168s] Level 1:colcon.colcon_core.package_identification:_identify(.) by extension 'python'
[0.168s] Level 1:colcon.colcon_core.package_identification:_identify(.) by extensions ['python_setup_py']
[0.168s] Level 1:colcon.colcon_core.package_identification:_identify(.) by extension 'python_setup_py'
[0.168s] Level 1:colcon.colcon_core.package_identification:_identify(build) by extensions ['ignore', 'ignore_ament_install']
[0.168s] Level 1:colcon.colcon_core.package_identification:_identify(build) by extension 'ignore'
[0.168s] Level 1:colcon.colcon_core.package_identification:_identify(build) ignored
[0.168s] Level 1:colcon.colcon_core.package_identification:_identify(install) by extensions ['ignore', 'ignore_ament_install']
[0.169s] Level 1:colcon.colcon_core.package_identification:_identify(install) by extension 'ignore'
[0.169s] Level 1:colcon.colcon_core.package_identification:_identify(install) ignored
[0.169s] Level 1:colcon.colcon_core.package_identification:_identify(log) by extensions ['ignore', 'ignore_ament_install']
[0.169s] Level 1:colcon.colcon_core.package_identification:_identify(log) by extension 'ignore'
[0.169s] Level 1:colcon.colcon_core.package_identification:_identify(log) ignored
[0.169s] Level 1:colcon.colcon_core.package_identification:_identify(src) by extensions ['ignore', 'ignore_ament_install']
[0.169s] Level 1:colcon.colcon_core.package_identification:_identify(src) by extension 'ignore'
[0.169s] Level 1:colcon.colcon_core.package_identification:_identify(src) by extension 'ignore_ament_install'
[0.169s] Level 1:colcon.colcon_core.package_identification:_identify(src) by extensions ['colcon_pkg']
[0.169s] Level 1:colcon.colcon_core.package_identification:_identify(src) by extension 'colcon_pkg'
[0.169s] Level 1:colcon.colcon_core.package_identification:_identify(src) by extensions ['colcon_meta']
[0.169s] Level 1:colcon.colcon_core.package_identification:_identify(src) by extension 'colcon_meta'
[0.169s] Level 1:colcon.colcon_core.package_identification:_identify(src) by extensions ['ros']
[0.169s] Level 1:colcon.colcon_core.package_identification:_identify(src) by extension 'ros'
[0.169s] Level 1:colcon.colcon_core.package_identification:_identify(src) by extensions ['cmake', 'python']
[0.169s] Level 1:colcon.colcon_core.package_identification:_identify(src) by extension 'cmake'
[0.169s] Level 1:colcon.colcon_core.package_identification:_identify(src) by extension 'python'
[0.169s] Level 1:colcon.colcon_core.package_identification:_identify(src) by extensions ['python_setup_py']
[0.169s] Level 1:colcon.colcon_core.package_identification:_identify(src) by extension 'python_setup_py'
[0.169s] Level 1:colcon.colcon_core.package_identification:_identify(src/base_interfaces_demo) by extensions ['ignore', 'ignore_ament_install']
[0.169s] Level 1:colcon.colcon_core.package_identification:_identify(src/base_interfaces_demo) by extension 'ignore'
[0.169s] Level 1:colcon.colcon_core.package_identification:_identify(src/base_interfaces_demo) by extension 'ignore_ament_install'
[0.169s] Level 1:colcon.colcon_core.package_identification:_identify(src/base_interfaces_demo) by extensions ['colcon_pkg']
[0.169s] Level 1:colcon.colcon_core.package_identification:_identify(src/base_interfaces_demo) by extension 'colcon_pkg'
[0.169s] Level 1:colcon.colcon_core.package_identification:_identify(src/base_interfaces_demo) by extensions ['colcon_meta']
[0.169s] Level 1:colcon.colcon_core.package_identification:_identify(src/base_interfaces_demo) by extension 'colcon_meta'
[0.169s] Level 1:colcon.colcon_core.package_identification:_identify(src/base_interfaces_demo) by extensions ['ros']
[0.169s] Level 1:colcon.colcon_core.package_identification:_identify(src/base_interfaces_demo) by extension 'ros'
[0.171s] DEBUG:colcon.colcon_core.package_identification:Package 'src/base_interfaces_demo' with type 'ros.ament_cmake' and name 'base_interfaces_demo'
[0.171s] Level 1:colcon.colcon_core.package_identification:_identify(src/topic_tutor) by extensions ['ignore', 'ignore_ament_install']
[0.171s] Level 1:colcon.colcon_core.package_identification:_identify(src/topic_tutor) by extension 'ignore'
[0.171s] Level 1:colcon.colcon_core.package_identification:_identify(src/topic_tutor) by extension 'ignore_ament_install'
[0.171s] Level 1:colcon.colcon_core.package_identification:_identify(src/topic_tutor) by extensions ['colcon_pkg']
[0.171s] Level 1:colcon.colcon_core.package_identification:_identify(src/topic_tutor) by extension 'colcon_pkg'
[0.171s] Level 1:colcon.colcon_core.package_identification:_identify(src/topic_tutor) by extensions ['colcon_meta']
[0.171s] Level 1:colcon.colcon_core.package_identification:_identify(src/topic_tutor) by extension 'colcon_meta'
[0.171s] Level 1:colcon.colcon_core.package_identification:_identify(src/topic_tutor) by extensions ['ros']
[0.171s] Level 1:colcon.colcon_core.package_identification:_identify(src/topic_tutor) by extension 'ros'
[0.172s] DEBUG:colcon.colcon_core.package_identification:Package 'src/topic_tutor' with type 'ros.ament_cmake' and name 'topic_tutor'
[0.172s] Level 1:colcon.colcon_core.package_discovery:discover_packages(recursive) using defaults
[0.172s] Level 1:colcon.colcon_core.package_discovery:discover_packages(ignore) discover
[0.172s] Level 1:colcon.colcon_core.package_discovery:discover_packages(ignore) using defaults
[0.172s] Level 1:colcon.colcon_core.package_discovery:discover_packages(path) discover
[0.172s] Level 1:colcon.colcon_core.package_discovery:discover_packages(path) using defaults
[0.200s] INFO:colcon.colcon_core.package_selection:Skipping not selected package 'base_interfaces_demo' in 'src/base_interfaces_demo'
[0.200s] Level 1:colcon.colcon_core.package_discovery:discover_packages(prefix_path) check parameters
[0.200s] Level 1:colcon.colcon_core.package_discovery:discover_packages(prefix_path) discover
[0.201s] DEBUG:colcon.colcon_installed_package_information.package_discovery:Found 2 installed packages in /home/lirj25/ros2tutorial/ws_topic/install
[0.202s] DEBUG:colcon.colcon_installed_package_information.package_discovery:Found 270 installed packages in /opt/ros/humble
[0.203s] Level 1:colcon.colcon_core.package_discovery:discover_packages(prefix_path) using defaults
[0.222s] Level 5:colcon.colcon_core.verb:set package 'topic_tutor' build argument 'cmake_args' from command line to 'None'
[0.222s] Level 5:colcon.colcon_core.verb:set package 'topic_tutor' build argument 'cmake_target' from command line to 'None'
[0.223s] Level 5:colcon.colcon_core.verb:set package 'topic_tutor' build argument 'cmake_target_skip_unavailable' from command line to 'False'
[0.223s] Level 5:colcon.colcon_core.verb:set package 'topic_tutor' build argument 'cmake_clean_cache' from command line to 'False'
[0.223s] Level 5:colcon.colcon_core.verb:set package 'topic_tutor' build argument 'cmake_clean_first' from command line to 'False'
[0.223s] Level 5:colcon.colcon_core.verb:set package 'topic_tutor' build argument 'cmake_force_configure' from command line to 'False'
[0.223s] Level 5:colcon.colcon_core.verb:set package 'topic_tutor' build argument 'ament_cmake_args' from command line to 'None'
[0.223s] Level 5:colcon.colcon_core.verb:set package 'topic_tutor' build argument 'catkin_cmake_args' from command line to 'None'
[0.223s] Level 5:colcon.colcon_core.verb:set package 'topic_tutor' build argument 'catkin_skip_building_tests' from command line to 'False'
[0.223s] DEBUG:colcon.colcon_core.verb:Building package 'topic_tutor' with the following arguments: {'ament_cmake_args': None, 'build_base': '/home/lirj25/ros2tutorial/ws_topic/build/topic_tutor', 'catkin_cmake_args': None, 'catkin_skip_building_tests': False, 'cmake_args': None, 'cmake_clean_cache': False, 'cmake_clean_first': False, 'cmake_force_configure': False, 'cmake_target': None, 'cmake_target_skip_unavailable': False, 'install_base': '/home/lirj25/ros2tutorial/ws_topic/install/topic_tutor', 'merge_install': False, 'path': '/home/lirj25/ros2tutorial/ws_topic/src/topic_tutor', 'symlink_install': False, 'test_result_base': None}
[0.223s] INFO:colcon.colcon_core.executor:Executing jobs using 'parallel' executor
[0.223s] DEBUG:colcon.colcon_parallel_executor.executor.parallel:run_until_complete
[0.224s] INFO:colcon.colcon_ros.task.ament_cmake.build:Building ROS package in '/home/lirj25/ros2tutorial/ws_topic/src/topic_tutor' with build type 'ament_cmake'
[0.224s] INFO:colcon.colcon_cmake.task.cmake.build:Building CMake package in '/home/lirj25/ros2tutorial/ws_topic/src/topic_tutor'
[0.225s] INFO:colcon.colcon_core.plugin_system:Skipping extension 'colcon_core.shell.bat': Not used on non-Windows systems
[0.225s] INFO:colcon.colcon_core.shell:Skip shell extension 'powershell' for command environment: Not usable outside of PowerShell
[0.225s] DEBUG:colcon.colcon_core.shell:Skip shell extension 'dsv' for command environment
[0.233s] DEBUG:colcon.colcon_core.event_handler.log_command:Invoking command in '/home/lirj25/ros2tutorial/ws_topic/build/topic_tutor': CMAKE_PREFIX_PATH=/home/lirj25/ros2tutorial/ws_topic/install/base_interfaces_demo:/home/lirj25/ros2tutorial/ws_topic/install/topic_tutor:/opt/ros/humble /usr/bin/cmake --build /home/lirj25/ros2tutorial/ws_topic/build/topic_tutor -- -j20 -l20
[5.967s] DEBUG:colcon.colcon_core.event_handler.log_command:Invoked command in '/home/lirj25/ros2tutorial/ws_topic/build/topic_tutor' returned '0': CMAKE_PREFIX_PATH=/home/lirj25/ros2tutorial/ws_topic/install/base_interfaces_demo:/home/lirj25/ros2tutorial/ws_topic/install/topic_tutor:/opt/ros/humble /usr/bin/cmake --build /home/lirj25/ros2tutorial/ws_topic/build/topic_tutor -- -j20 -l20
[5.975s] DEBUG:colcon.colcon_core.event_handler.log_command:Invoking command in '/home/lirj25/ros2tutorial/ws_topic/build/topic_tutor': CMAKE_PREFIX_PATH=/home/lirj25/ros2tutorial/ws_topic/install/base_interfaces_demo:/home/lirj25/ros2tutorial/ws_topic/install/topic_tutor:/opt/ros/humble /usr/bin/cmake --install /home/lirj25/ros2tutorial/ws_topic/build/topic_tutor
[5.985s] Level 1:colcon.colcon_core.environment:create_environment_scripts_only(topic_tutor)
[5.985s] DEBUG:colcon.colcon_core.event_handler.log_command:Invoked command in '/home/lirj25/ros2tutorial/ws_topic/build/topic_tutor' returned '0': CMAKE_PREFIX_PATH=/home/lirj25/ros2tutorial/ws_topic/install/base_interfaces_demo:/home/lirj25/ros2tutorial/ws_topic/install/topic_tutor:/opt/ros/humble /usr/bin/cmake --install /home/lirj25/ros2tutorial/ws_topic/build/topic_tutor
[5.988s] Level 1:colcon.colcon_core.environment:checking '/home/lirj25/ros2tutorial/ws_topic/install/topic_tutor' for CMake module files
[5.988s] Level 1:colcon.colcon_core.environment:checking '/home/lirj25/ros2tutorial/ws_topic/install/topic_tutor' for CMake config files
[5.989s] Level 1:colcon.colcon_core.shell:create_environment_hook('topic_tutor', 'cmake_prefix_path')
[5.989s] INFO:colcon.colcon_core.shell:Creating environment hook '/home/lirj25/ros2tutorial/ws_topic/install/topic_tutor/share/topic_tutor/hook/cmake_prefix_path.ps1'
[5.989s] INFO:colcon.colcon_core.shell:Creating environment descriptor '/home/lirj25/ros2tutorial/ws_topic/install/topic_tutor/share/topic_tutor/hook/cmake_prefix_path.dsv'
[5.990s] INFO:colcon.colcon_core.shell:Creating environment hook '/home/lirj25/ros2tutorial/ws_topic/install/topic_tutor/share/topic_tutor/hook/cmake_prefix_path.sh'
[5.990s] Level 1:colcon.colcon_core.environment:checking '/home/lirj25/ros2tutorial/ws_topic/install/topic_tutor/lib'
[5.990s] Level 1:colcon.colcon_core.environment:checking '/home/lirj25/ros2tutorial/ws_topic/install/topic_tutor/bin'
[5.990s] Level 1:colcon.colcon_core.environment:checking '/home/lirj25/ros2tutorial/ws_topic/install/topic_tutor/lib/pkgconfig/topic_tutor.pc'
[5.990s] Level 1:colcon.colcon_core.environment:checking '/home/lirj25/ros2tutorial/ws_topic/install/topic_tutor/lib/python3.10/site-packages'
[5.990s] Level 1:colcon.colcon_core.environment:checking '/home/lirj25/ros2tutorial/ws_topic/install/topic_tutor/bin'
[5.991s] INFO:colcon.colcon_core.shell:Creating package script '/home/lirj25/ros2tutorial/ws_topic/install/topic_tutor/share/topic_tutor/package.ps1'
[5.992s] INFO:colcon.colcon_core.shell:Creating package descriptor '/home/lirj25/ros2tutorial/ws_topic/install/topic_tutor/share/topic_tutor/package.dsv'
[5.992s] INFO:colcon.colcon_core.shell:Creating package script '/home/lirj25/ros2tutorial/ws_topic/install/topic_tutor/share/topic_tutor/package.sh'
[5.993s] INFO:colcon.colcon_core.shell:Creating package script '/home/lirj25/ros2tutorial/ws_topic/install/topic_tutor/share/topic_tutor/package.bash'
[5.993s] INFO:colcon.colcon_core.shell:Creating package script '/home/lirj25/ros2tutorial/ws_topic/install/topic_tutor/share/topic_tutor/package.zsh'
[5.994s] Level 1:colcon.colcon_core.environment:create_file_with_runtime_dependencies(/home/lirj25/ros2tutorial/ws_topic/install/topic_tutor/share/colcon-core/packages/topic_tutor)
[5.994s] Level 1:colcon.colcon_core.environment:create_environment_scripts_only(topic_tutor)
[5.995s] Level 1:colcon.colcon_core.environment:checking '/home/lirj25/ros2tutorial/ws_topic/install/topic_tutor' for CMake module files
[5.995s] Level 1:colcon.colcon_core.environment:checking '/home/lirj25/ros2tutorial/ws_topic/install/topic_tutor' for CMake config files
[5.995s] Level 1:colcon.colcon_core.shell:create_environment_hook('topic_tutor', 'cmake_prefix_path')
[5.995s] INFO:colcon.colcon_core.shell:Creating environment hook '/home/lirj25/ros2tutorial/ws_topic/install/topic_tutor/share/topic_tutor/hook/cmake_prefix_path.ps1'
[5.995s] INFO:colcon.colcon_core.shell:Creating environment descriptor '/home/lirj25/ros2tutorial/ws_topic/install/topic_tutor/share/topic_tutor/hook/cmake_prefix_path.dsv'
[5.996s] INFO:colcon.colcon_core.shell:Creating environment hook '/home/lirj25/ros2tutorial/ws_topic/install/topic_tutor/share/topic_tutor/hook/cmake_prefix_path.sh'
[5.996s] Level 1:colcon.colcon_core.environment:checking '/home/lirj25/ros2tutorial/ws_topic/install/topic_tutor/lib'
[5.996s] Level 1:colcon.colcon_core.environment:checking '/home/lirj25/ros2tutorial/ws_topic/install/topic_tutor/bin'
[5.996s] Level 1:colcon.colcon_core.environment:checking '/home/lirj25/ros2tutorial/ws_topic/install/topic_tutor/lib/pkgconfig/topic_tutor.pc'
[5.996s] Level 1:colcon.colcon_core.environment:checking '/home/lirj25/ros2tutorial/ws_topic/install/topic_tutor/lib/python3.10/site-packages'
[5.996s] Level 1:colcon.colcon_core.environment:checking '/home/lirj25/ros2tutorial/ws_topic/install/topic_tutor/bin'
[5.997s] INFO:colcon.colcon_core.shell:Creating package script '/home/lirj25/ros2tutorial/ws_topic/install/topic_tutor/share/topic_tutor/package.ps1'
[5.997s] INFO:colcon.colcon_core.shell:Creating package descriptor '/home/lirj25/ros2tutorial/ws_topic/install/topic_tutor/share/topic_tutor/package.dsv'
[5.997s] INFO:colcon.colcon_core.shell:Creating package script '/home/lirj25/ros2tutorial/ws_topic/install/topic_tutor/share/topic_tutor/package.sh'
[5.997s] INFO:colcon.colcon_core.shell:Creating package script '/home/lirj25/ros2tutorial/ws_topic/install/topic_tutor/share/topic_tutor/package.bash'
[5.998s] INFO:colcon.colcon_core.shell:Creating package script '/home/lirj25/ros2tutorial/ws_topic/install/topic_tutor/share/topic_tutor/package.zsh'
[5.998s] Level 1:colcon.colcon_core.environment:create_file_with_runtime_dependencies(/home/lirj25/ros2tutorial/ws_topic/install/topic_tutor/share/colcon-core/packages/topic_tutor)
[5.998s] DEBUG:colcon.colcon_parallel_executor.executor.parallel:closing loop
[5.998s] DEBUG:colcon.colcon_parallel_executor.executor.parallel:loop closed
[5.998s] DEBUG:colcon.colcon_parallel_executor.executor.parallel:run_until_complete finished with '0'
[5.998s] DEBUG:colcon.colcon_core.event_reactor:joining thread
[6.001s] INFO:colcon.colcon_core.plugin_system:Skipping extension 'colcon_notification.desktop_notification.terminal_notifier': Not used on non-Darwin systems
[6.001s] INFO:colcon.colcon_core.plugin_system:Skipping extension 'colcon_notification.desktop_notification.win32': Not used on non-Windows systems
[6.001s] INFO:colcon.colcon_notification.desktop_notification:Sending desktop notification using 'notify2'
[6.010s] DEBUG:colcon.colcon_core.event_reactor:joined thread
[6.010s] INFO:colcon.colcon_core.shell:Creating prefix script '/home/lirj25/ros2tutorial/ws_topic/install/local_setup.ps1'
[6.011s] INFO:colcon.colcon_core.shell:Creating prefix util module '/home/lirj25/ros2tutorial/ws_topic/install/_local_setup_util_ps1.py'
[6.012s] INFO:colcon.colcon_core.shell:Creating prefix chain script '/home/lirj25/ros2tutorial/ws_topic/install/setup.ps1'
[6.013s] INFO:colcon.colcon_core.shell:Creating prefix script '/home/lirj25/ros2tutorial/ws_topic/install/local_setup.sh'
[6.013s] INFO:colcon.colcon_core.shell:Creating prefix util module '/home/lirj25/ros2tutorial/ws_topic/install/_local_setup_util_sh.py'
[6.013s] INFO:colcon.colcon_core.shell:Creating prefix chain script '/home/lirj25/ros2tutorial/ws_topic/install/setup.sh'
[6.014s] INFO:colcon.colcon_core.shell:Creating prefix script '/home/lirj25/ros2tutorial/ws_topic/install/local_setup.bash'
[6.014s] INFO:colcon.colcon_core.shell:Creating prefix chain script '/home/lirj25/ros2tutorial/ws_topic/install/setup.bash'
[6.015s] INFO:colcon.colcon_core.shell:Creating prefix script '/home/lirj25/ros2tutorial/ws_topic/install/local_setup.zsh'
[6.015s] INFO:colcon.colcon_core.shell:Creating prefix chain script '/home/lirj25/ros2tutorial/ws_topic/install/setup.zsh'
